<?xml version="1.0" encoding="UTF-8"?>
<testsuite name="TestSuite" time="253.31" tests="12" errors="0" skipped="0" failures="6">
  <properties>
[...]
</properties>
  <testcase name="loginTest" classname="mobiotics.lco.testCases.TC_LoginTest_001" time="9.477"/>
  <testcase name="alertPage" classname="mobiotics.lco.testCases.TC_NavigateToAlertPage_002" time="2.96"/>
  <testcase name="ActivateBasePlane" classname="mobiotics.lco.testCases.TC_ActivateBasePlane_003" time="3.417"/>
  <testcase name="Activate_Indigital_Plane" classname="mobiotics.lco.testCases.Activate_Indigital_pay_Bouquet_004" time="33.265">
    <failure message="no such element: Unable to locate element: {&quot;method&quot;:&quot;xpath&quot;,&quot;selector&quot;:&quot;(//tbody[@id=&apos;individual-progress&apos;]/tr//td)[2]&quot;}&#10;  (Session info: chrome=73.0.3683.75)&#10;  (Driver info: chromedriver=2.43.600210 (68dcf5eebde37173d4027fa8635e332711d2874a),platform=Windows NT 10.0.17134 x86_64) (WARNING: The server did not provide any stacktrace information)&#10;Command duration or timeout: 30.21 seconds&#10;For documentation on this error, please visit: http://seleniumhq.org/exceptions/no_such_element.html&#10;Build info: version: &apos;2.53.1&apos;, revision: &apos;a36b8b1cd5757287168e54b817830adce9b0158d&apos;, time: &apos;2016-06-30 19:26:09&apos;&#10;System info: host: &apos;LAPTOP-A313QKMS&apos;, ip: &apos;192.168.1.30&apos;, os.name: &apos;Windows 10&apos;, os.arch: &apos;amd64&apos;, os.version: &apos;10.0&apos;, java.version: &apos;1.8.0_101&apos;&#10;Driver info: org.openqa.selenium.chrome.ChromeDriver&#10;Capabilities [{mobileEmulationEnabled=false, hasTouchScreen=false, platform=XP, acceptSslCerts=false, goog:chromeOptions={debuggerAddress=localhost:50155}, acceptInsecureCerts=false, webStorageEnabled=true, browserName=chrome, takesScreenshot=true, javascriptEnabled=true, setWindowRect=true, unexpectedAlertBehaviour=, applicationCacheEnabled=false, rotatable=false, networkConnectionEnabled=false, chrome={chromedriverVersion=2.43.600210 (68dcf5eebde37173d4027fa8635e332711d2874a), userDataDir=C:\Users\sande\AppData\Local\Temp\scoped_dir13676_21813}, takesHeapSnapshot=true, pageLoadStrategy=normal, databaseEnabled=false, handlesAlerts=true, version=73.0.3683.75, browserConnectionEnabled=false, nativeEvents=true, locationContextEnabled=true, cssSelectorsEnabled=true}]&#10;Session ID: 608af7cb0aec070212ecba0e75f37ed4&#10;*** Element info: {Using=xpath, value=(//tbody[@id=&apos;individual-progress&apos;]/tr//td)[2]}" type="org.openqa.selenium.NoSuchElementException">org.openqa.selenium.NoSuchElementException: no such element: Unable to locate element: {"method":"xpath","selector":"(//tbody[@id='individual-progress']/tr//td)[2]"}
  (Session info: chrome=73.0.3683.75)
  (Driver info: chromedriver=2.43.600210 (68dcf5eebde37173d4027fa8635e332711d2874a),platform=Windows NT 10.0.17134 x86_64) (WARNING: The server did not provide any stacktrace information)
Command duration or timeout: 30.21 seconds
For documentation on this error, please visit: http://seleniumhq.org/exceptions/no_such_element.html
Build info: version: '2.53.1', revision: 'a36b8b1cd5757287168e54b817830adce9b0158d', time: '2016-06-30 19:26:09'
System info: host: 'LAPTOP-A313QKMS', ip: '192.168.1.30', os.name: 'Windows 10', os.arch: 'amd64', os.version: '10.0', java.version: '1.8.0_101'
Driver info: org.openqa.selenium.chrome.ChromeDriver
Capabilities [{mobileEmulationEnabled=false, hasTouchScreen=false, platform=XP, acceptSslCerts=false, goog:chromeOptions={debuggerAddress=localhost:50155}, acceptInsecureCerts=false, webStorageEnabled=true, browserName=chrome, takesScreenshot=true, javascriptEnabled=true, setWindowRect=true, unexpectedAlertBehaviour=, applicationCacheEnabled=false, rotatable=false, networkConnectionEnabled=false, chrome={chromedriverVersion=2.43.600210 (68dcf5eebde37173d4027fa8635e332711d2874a), userDataDir=C:\Users\sande\AppData\Local\Temp\scoped_dir13676_21813}, takesHeapSnapshot=true, pageLoadStrategy=normal, databaseEnabled=false, handlesAlerts=true, version=73.0.3683.75, browserConnectionEnabled=false, nativeEvents=true, locationContextEnabled=true, cssSelectorsEnabled=true}]
Session ID: 608af7cb0aec070212ecba0e75f37ed4
*** Element info: {Using=xpath, value=(//tbody[@id='individual-progress']/tr//td)[2]}
	at sun.reflect.NativeConstructorAccessorImpl.newInstance0(Native Method)
	at sun.reflect.NativeConstructorAccessorImpl.newInstance(NativeConstructorAccessorImpl.java:62)
	at sun.reflect.DelegatingConstructorAccessorImpl.newInstance(DelegatingConstructorAccessorImpl.java:45)
	at java.lang.reflect.Constructor.newInstance(Constructor.java:423)
	at org.openqa.selenium.remote.ErrorHandler.createThrowable(ErrorHandler.java:206)
	at org.openqa.selenium.remote.ErrorHandler.throwIfResponseFailed(ErrorHandler.java:158)
	at org.openqa.selenium.remote.RemoteWebDriver.execute(RemoteWebDriver.java:678)
	at org.openqa.selenium.remote.RemoteWebDriver.findElement(RemoteWebDriver.java:363)
	at org.openqa.selenium.remote.RemoteWebDriver.findElementByXPath(RemoteWebDriver.java:500)
	at org.openqa.selenium.By$ByXPath.findElement(By.java:361)
	at org.openqa.selenium.remote.RemoteWebDriver.findElement(RemoteWebDriver.java:355)
	at org.openqa.selenium.support.pagefactory.DefaultElementLocator.findElement(DefaultElementLocator.java:69)
	at org.openqa.selenium.support.pagefactory.internal.LocatingElementHandler.invoke(LocatingElementHandler.java:38)
	at com.sun.proxy.$Proxy5.getText(Unknown Source)
	at mobiotics.lco.pageObjects.Add_Indigital_Pay_Bouquet.getPackName(Add_Indigital_Pay_Bouquet.java:88)
	at mobiotics.lco.utilities.EnterCanDetails.getSubscriptionStatus(EnterCanDetails.java:45)
	at mobiotics.lco.testCases.Activate_Indigital_pay_Bouquet_004.Activate_Indigital_Plane(Activate_Indigital_pay_Bouquet_004.java:41)
</failure>
    <system-out><![CDATA[Activate Indigital Pay Bouquet
 INFO [main] (Activate_Indigital_pay_Bouquet_004.java:25)- user is in add digital pay Bouquet
CAN12666719
 INFO [main] (EnterCanDetails.java:34)- user entered CAN12666719 for activate in degital pay Bouquet
can details has been entered
 INFO [main] (Activate_Indigital_pay_Bouquet_004.java:37)- confirm Button has been clicked
]]></system-out>
  </testcase>
  <testcase name="add_BroadCast_Pay" classname="mobiotics.lco.testCases.Select_Broadcast_Plane_005" time="4.333"/>
  <testcase name="activateAddAlA_Carte" classname="mobiotics.lco.testCases.Add_A_Al_Carte_Pack_006" time="35.754">
    <failure message="no such element: Unable to locate element: {&quot;method&quot;:&quot;xpath&quot;,&quot;selector&quot;:&quot;(//tbody[@id=&apos;individual-progress&apos;]/tr//td)[2]&quot;}&#10;  (Session info: chrome=73.0.3683.75)&#10;  (Driver info: chromedriver=2.43.600210 (68dcf5eebde37173d4027fa8635e332711d2874a),platform=Windows NT 10.0.17134 x86_64) (WARNING: The server did not provide any stacktrace information)&#10;Command duration or timeout: 30.04 seconds&#10;For documentation on this error, please visit: http://seleniumhq.org/exceptions/no_such_element.html&#10;Build info: version: &apos;2.53.1&apos;, revision: &apos;a36b8b1cd5757287168e54b817830adce9b0158d&apos;, time: &apos;2016-06-30 19:26:09&apos;&#10;System info: host: &apos;LAPTOP-A313QKMS&apos;, ip: &apos;192.168.1.30&apos;, os.name: &apos;Windows 10&apos;, os.arch: &apos;amd64&apos;, os.version: &apos;10.0&apos;, java.version: &apos;1.8.0_101&apos;&#10;Driver info: org.openqa.selenium.chrome.ChromeDriver&#10;Capabilities [{mobileEmulationEnabled=false, hasTouchScreen=false, platform=XP, acceptSslCerts=false, goog:chromeOptions={debuggerAddress=localhost:50155}, acceptInsecureCerts=false, webStorageEnabled=true, browserName=chrome, takesScreenshot=true, javascriptEnabled=true, setWindowRect=true, unexpectedAlertBehaviour=, applicationCacheEnabled=false, rotatable=false, networkConnectionEnabled=false, chrome={chromedriverVersion=2.43.600210 (68dcf5eebde37173d4027fa8635e332711d2874a), userDataDir=C:\Users\sande\AppData\Local\Temp\scoped_dir13676_21813}, takesHeapSnapshot=true, pageLoadStrategy=normal, databaseEnabled=false, handlesAlerts=true, version=73.0.3683.75, browserConnectionEnabled=false, nativeEvents=true, locationContextEnabled=true, cssSelectorsEnabled=true}]&#10;Session ID: 608af7cb0aec070212ecba0e75f37ed4&#10;*** Element info: {Using=xpath, value=(//tbody[@id=&apos;individual-progress&apos;]/tr//td)[2]}" type="org.openqa.selenium.NoSuchElementException">org.openqa.selenium.NoSuchElementException: no such element: Unable to locate element: {"method":"xpath","selector":"(//tbody[@id='individual-progress']/tr//td)[2]"}
  (Session info: chrome=73.0.3683.75)
  (Driver info: chromedriver=2.43.600210 (68dcf5eebde37173d4027fa8635e332711d2874a),platform=Windows NT 10.0.17134 x86_64) (WARNING: The server did not provide any stacktrace information)
Command duration or timeout: 30.04 seconds
For documentation on this error, please visit: http://seleniumhq.org/exceptions/no_such_element.html
Build info: version: '2.53.1', revision: 'a36b8b1cd5757287168e54b817830adce9b0158d', time: '2016-06-30 19:26:09'
System info: host: 'LAPTOP-A313QKMS', ip: '192.168.1.30', os.name: 'Windows 10', os.arch: 'amd64', os.version: '10.0', java.version: '1.8.0_101'
Driver info: org.openqa.selenium.chrome.ChromeDriver
Capabilities [{mobileEmulationEnabled=false, hasTouchScreen=false, platform=XP, acceptSslCerts=false, goog:chromeOptions={debuggerAddress=localhost:50155}, acceptInsecureCerts=false, webStorageEnabled=true, browserName=chrome, takesScreenshot=true, javascriptEnabled=true, setWindowRect=true, unexpectedAlertBehaviour=, applicationCacheEnabled=false, rotatable=false, networkConnectionEnabled=false, chrome={chromedriverVersion=2.43.600210 (68dcf5eebde37173d4027fa8635e332711d2874a), userDataDir=C:\Users\sande\AppData\Local\Temp\scoped_dir13676_21813}, takesHeapSnapshot=true, pageLoadStrategy=normal, databaseEnabled=false, handlesAlerts=true, version=73.0.3683.75, browserConnectionEnabled=false, nativeEvents=true, locationContextEnabled=true, cssSelectorsEnabled=true}]
Session ID: 608af7cb0aec070212ecba0e75f37ed4
*** Element info: {Using=xpath, value=(//tbody[@id='individual-progress']/tr//td)[2]}
	at sun.reflect.NativeConstructorAccessorImpl.newInstance0(Native Method)
	at sun.reflect.NativeConstructorAccessorImpl.newInstance(NativeConstructorAccessorImpl.java:62)
	at sun.reflect.DelegatingConstructorAccessorImpl.newInstance(DelegatingConstructorAccessorImpl.java:45)
	at java.lang.reflect.Constructor.newInstance(Constructor.java:423)
	at org.openqa.selenium.remote.ErrorHandler.createThrowable(ErrorHandler.java:206)
	at org.openqa.selenium.remote.ErrorHandler.throwIfResponseFailed(ErrorHandler.java:158)
	at org.openqa.selenium.remote.RemoteWebDriver.execute(RemoteWebDriver.java:678)
	at org.openqa.selenium.remote.RemoteWebDriver.findElement(RemoteWebDriver.java:363)
	at org.openqa.selenium.remote.RemoteWebDriver.findElementByXPath(RemoteWebDriver.java:500)
	at org.openqa.selenium.By$ByXPath.findElement(By.java:361)
	at org.openqa.selenium.remote.RemoteWebDriver.findElement(RemoteWebDriver.java:355)
	at org.openqa.selenium.support.pagefactory.DefaultElementLocator.findElement(DefaultElementLocator.java:69)
	at org.openqa.selenium.support.pagefactory.internal.LocatingElementHandler.invoke(LocatingElementHandler.java:38)
	at com.sun.proxy.$Proxy5.getText(Unknown Source)
	at mobiotics.lco.pageObjects.Add_Indigital_Pay_Bouquet.getPackName(Add_Indigital_Pay_Bouquet.java:88)
	at mobiotics.lco.utilities.EnterCanDetails.getSubscriptionStatus(EnterCanDetails.java:45)
	at mobiotics.lco.testCases.Add_A_Al_Carte_Pack_006.activateAddAlA_Carte(Add_A_Al_Carte_Pack_006.java:37)
</failure>
    <system-out><![CDATA[ INFO [main] (Add_A_Al_Carte_Pack_006.java:28)- Add Ala-Carte
CAN12666719
 INFO [main] (EnterCanDetails.java:34)- user entered CAN12666719 for activate in degital pay Bouquet
can details has been entered
 INFO [main] (Add_A_Al_Carte_Pack_006.java:35)- confirm Button has been clicked
]]></system-out>
  </testcase>
  <testcase name="renewPlane" classname="mobiotics.lco.testCases.TC_RenewPage_007" time="36.266"/>
  <testcase name="DisconnectPlane" classname="mobiotics.lco.testCases.TC_DisconnectPlane_008" time="2.258">
    <failure message="unknown error: Element &lt;a class=&quot;dropdown-toggle&quot; data-toggle=&quot;dropdown&quot; role=&quot;button&quot; href=&quot;#&quot;&gt;...&lt;/a&gt; is not clickable at point (726, 36). Other element would receive the click: &lt;div class=&quot;modal-header&quot;&gt;...&lt;/div&gt;&#10;  (Session info: chrome=73.0.3683.75)&#10;  (Driver info: chromedriver=2.43.600210 (68dcf5eebde37173d4027fa8635e332711d2874a),platform=Windows NT 10.0.17134 x86_64) (WARNING: The server did not provide any stacktrace information)&#10;Command duration or timeout: 172 milliseconds&#10;Build info: version: &apos;2.53.1&apos;, revision: &apos;a36b8b1cd5757287168e54b817830adce9b0158d&apos;, time: &apos;2016-06-30 19:26:09&apos;&#10;System info: host: &apos;LAPTOP-A313QKMS&apos;, ip: &apos;192.168.1.30&apos;, os.name: &apos;Windows 10&apos;, os.arch: &apos;amd64&apos;, os.version: &apos;10.0&apos;, java.version: &apos;1.8.0_101&apos;&#10;Driver info: org.openqa.selenium.chrome.ChromeDriver&#10;Capabilities [{mobileEmulationEnabled=false, hasTouchScreen=false, platform=XP, acceptSslCerts=false, goog:chromeOptions={debuggerAddress=localhost:50155}, acceptInsecureCerts=false, webStorageEnabled=true, browserName=chrome, takesScreenshot=true, javascriptEnabled=true, setWindowRect=true, unexpectedAlertBehaviour=, applicationCacheEnabled=false, rotatable=false, networkConnectionEnabled=false, chrome={chromedriverVersion=2.43.600210 (68dcf5eebde37173d4027fa8635e332711d2874a), userDataDir=C:\Users\sande\AppData\Local\Temp\scoped_dir13676_21813}, takesHeapSnapshot=true, pageLoadStrategy=normal, databaseEnabled=false, handlesAlerts=true, version=73.0.3683.75, browserConnectionEnabled=false, nativeEvents=true, locationContextEnabled=true, cssSelectorsEnabled=true}]&#10;Session ID: 608af7cb0aec070212ecba0e75f37ed4" type="org.openqa.selenium.WebDriverException"><![CDATA[org.openqa.selenium.WebDriverException: unknown error: Element <a class="dropdown-toggle" data-toggle="dropdown" role="button" href="#">...</a> is not clickable at point (726, 36). Other element would receive the click: <div class="modal-header">...</div>
  (Session info: chrome=73.0.3683.75)
  (Driver info: chromedriver=2.43.600210 (68dcf5eebde37173d4027fa8635e332711d2874a),platform=Windows NT 10.0.17134 x86_64) (WARNING: The server did not provide any stacktrace information)
Command duration or timeout: 172 milliseconds
Build info: version: '2.53.1', revision: 'a36b8b1cd5757287168e54b817830adce9b0158d', time: '2016-06-30 19:26:09'
System info: host: 'LAPTOP-A313QKMS', ip: '192.168.1.30', os.name: 'Windows 10', os.arch: 'amd64', os.version: '10.0', java.version: '1.8.0_101'
Driver info: org.openqa.selenium.chrome.ChromeDriver
Capabilities [{mobileEmulationEnabled=false, hasTouchScreen=false, platform=XP, acceptSslCerts=false, goog:chromeOptions={debuggerAddress=localhost:50155}, acceptInsecureCerts=false, webStorageEnabled=true, browserName=chrome, takesScreenshot=true, javascriptEnabled=true, setWindowRect=true, unexpectedAlertBehaviour=, applicationCacheEnabled=false, rotatable=false, networkConnectionEnabled=false, chrome={chromedriverVersion=2.43.600210 (68dcf5eebde37173d4027fa8635e332711d2874a), userDataDir=C:\Users\sande\AppData\Local\Temp\scoped_dir13676_21813}, takesHeapSnapshot=true, pageLoadStrategy=normal, databaseEnabled=false, handlesAlerts=true, version=73.0.3683.75, browserConnectionEnabled=false, nativeEvents=true, locationContextEnabled=true, cssSelectorsEnabled=true}]
Session ID: 608af7cb0aec070212ecba0e75f37ed4
	at sun.reflect.NativeConstructorAccessorImpl.newInstance0(Native Method)
	at sun.reflect.NativeConstructorAccessorImpl.newInstance(NativeConstructorAccessorImpl.java:62)
	at sun.reflect.DelegatingConstructorAccessorImpl.newInstance(DelegatingConstructorAccessorImpl.java:45)
	at java.lang.reflect.Constructor.newInstance(Constructor.java:423)
	at org.openqa.selenium.remote.ErrorHandler.createThrowable(ErrorHandler.java:206)
	at org.openqa.selenium.remote.ErrorHandler.throwIfResponseFailed(ErrorHandler.java:158)
	at org.openqa.selenium.remote.RemoteWebDriver.execute(RemoteWebDriver.java:678)
	at org.openqa.selenium.remote.RemoteWebElement.execute(RemoteWebElement.java:327)
	at org.openqa.selenium.remote.RemoteWebElement.click(RemoteWebElement.java:85)
	at sun.reflect.GeneratedMethodAccessor8.invoke(Unknown Source)
	at sun.reflect.DelegatingMethodAccessorImpl.invoke(DelegatingMethodAccessorImpl.java:43)
	at java.lang.reflect.Method.invoke(Method.java:498)
	at org.openqa.selenium.support.pagefactory.internal.LocatingElementHandler.invoke(LocatingElementHandler.java:51)
	at com.sun.proxy.$Proxy5.click(Unknown Source)
	at mobiotics.lco.pageObjects.SubscribePage.selectPlane(SubscribePage.java:72)
	at mobiotics.lco.testCases.TC_DisconnectPlane_008.DisconnectPlane(TC_DisconnectPlane_008.java:20)
]]></failure>
  </testcase>
  <testcase name="reconnctPlane" classname="mobiotics.lco.testCases.TC_Reconnect_009" time="37.108">
    <failure message="no such element: Unable to locate element: {&quot;method&quot;:&quot;xpath&quot;,&quot;selector&quot;:&quot;(//tr[@id=&apos;58186907&apos;]/td)[1]&quot;}&#10;  (Session info: chrome=73.0.3683.75)&#10;  (Driver info: chromedriver=2.43.600210 (68dcf5eebde37173d4027fa8635e332711d2874a),platform=Windows NT 10.0.17134 x86_64) (WARNING: The server did not provide any stacktrace information)&#10;Command duration or timeout: 30.06 seconds&#10;For documentation on this error, please visit: http://seleniumhq.org/exceptions/no_such_element.html&#10;Build info: version: &apos;2.53.1&apos;, revision: &apos;a36b8b1cd5757287168e54b817830adce9b0158d&apos;, time: &apos;2016-06-30 19:26:09&apos;&#10;System info: host: &apos;LAPTOP-A313QKMS&apos;, ip: &apos;192.168.1.30&apos;, os.name: &apos;Windows 10&apos;, os.arch: &apos;amd64&apos;, os.version: &apos;10.0&apos;, java.version: &apos;1.8.0_101&apos;&#10;Driver info: org.openqa.selenium.chrome.ChromeDriver&#10;Capabilities [{mobileEmulationEnabled=false, hasTouchScreen=false, platform=XP, acceptSslCerts=false, goog:chromeOptions={debuggerAddress=localhost:50155}, acceptInsecureCerts=false, webStorageEnabled=true, browserName=chrome, takesScreenshot=true, javascriptEnabled=true, setWindowRect=true, unexpectedAlertBehaviour=, applicationCacheEnabled=false, rotatable=false, networkConnectionEnabled=false, chrome={chromedriverVersion=2.43.600210 (68dcf5eebde37173d4027fa8635e332711d2874a), userDataDir=C:\Users\sande\AppData\Local\Temp\scoped_dir13676_21813}, takesHeapSnapshot=true, pageLoadStrategy=normal, databaseEnabled=false, handlesAlerts=true, version=73.0.3683.75, browserConnectionEnabled=false, nativeEvents=true, locationContextEnabled=true, cssSelectorsEnabled=true}]&#10;Session ID: 608af7cb0aec070212ecba0e75f37ed4&#10;*** Element info: {Using=xpath, value=(//tr[@id=&apos;58186907&apos;]/td)[1]}" type="org.openqa.selenium.NoSuchElementException">org.openqa.selenium.NoSuchElementException: no such element: Unable to locate element: {"method":"xpath","selector":"(//tr[@id='58186907']/td)[1]"}
  (Session info: chrome=73.0.3683.75)
  (Driver info: chromedriver=2.43.600210 (68dcf5eebde37173d4027fa8635e332711d2874a),platform=Windows NT 10.0.17134 x86_64) (WARNING: The server did not provide any stacktrace information)
Command duration or timeout: 30.06 seconds
For documentation on this error, please visit: http://seleniumhq.org/exceptions/no_such_element.html
Build info: version: '2.53.1', revision: 'a36b8b1cd5757287168e54b817830adce9b0158d', time: '2016-06-30 19:26:09'
System info: host: 'LAPTOP-A313QKMS', ip: '192.168.1.30', os.name: 'Windows 10', os.arch: 'amd64', os.version: '10.0', java.version: '1.8.0_101'
Driver info: org.openqa.selenium.chrome.ChromeDriver
Capabilities [{mobileEmulationEnabled=false, hasTouchScreen=false, platform=XP, acceptSslCerts=false, goog:chromeOptions={debuggerAddress=localhost:50155}, acceptInsecureCerts=false, webStorageEnabled=true, browserName=chrome, takesScreenshot=true, javascriptEnabled=true, setWindowRect=true, unexpectedAlertBehaviour=, applicationCacheEnabled=false, rotatable=false, networkConnectionEnabled=false, chrome={chromedriverVersion=2.43.600210 (68dcf5eebde37173d4027fa8635e332711d2874a), userDataDir=C:\Users\sande\AppData\Local\Temp\scoped_dir13676_21813}, takesHeapSnapshot=true, pageLoadStrategy=normal, databaseEnabled=false, handlesAlerts=true, version=73.0.3683.75, browserConnectionEnabled=false, nativeEvents=true, locationContextEnabled=true, cssSelectorsEnabled=true}]
Session ID: 608af7cb0aec070212ecba0e75f37ed4
*** Element info: {Using=xpath, value=(//tr[@id='58186907']/td)[1]}
	at sun.reflect.NativeConstructorAccessorImpl.newInstance0(Native Method)
	at sun.reflect.NativeConstructorAccessorImpl.newInstance(NativeConstructorAccessorImpl.java:62)
	at sun.reflect.DelegatingConstructorAccessorImpl.newInstance(DelegatingConstructorAccessorImpl.java:45)
	at java.lang.reflect.Constructor.newInstance(Constructor.java:423)
	at org.openqa.selenium.remote.ErrorHandler.createThrowable(ErrorHandler.java:206)
	at org.openqa.selenium.remote.ErrorHandler.throwIfResponseFailed(ErrorHandler.java:158)
	at org.openqa.selenium.remote.RemoteWebDriver.execute(RemoteWebDriver.java:678)
	at org.openqa.selenium.remote.RemoteWebDriver.findElement(RemoteWebDriver.java:363)
	at org.openqa.selenium.remote.RemoteWebDriver.findElementByXPath(RemoteWebDriver.java:500)
	at org.openqa.selenium.By$ByXPath.findElement(By.java:361)
	at org.openqa.selenium.remote.RemoteWebDriver.findElement(RemoteWebDriver.java:355)
	at org.openqa.selenium.support.pagefactory.DefaultElementLocator.findElement(DefaultElementLocator.java:69)
	at org.openqa.selenium.support.pagefactory.internal.LocatingElementHandler.invoke(LocatingElementHandler.java:38)
	at com.sun.proxy.$Proxy5.getText(Unknown Source)
	at mobiotics.lco.pageObjects.ReconnectPage.getReconnectPlane(ReconnectPage.java:54)
	at mobiotics.lco.testCases.TC_Reconnect_009.reconnctPlane(TC_Reconnect_009.java:44)
</failure>
    <system-out><![CDATA[ INFO [main] (TC_Reconnect_009.java:26)- reconnect Option Selected
CAN12666719
 INFO [main] (TC_Reconnect_009.java:40)- user entered CAN12666719 for reconnect the plane
]]></system-out>
  </testcase>
  <testcase name="changeBasePack" classname="mobiotics.lco.testCases.TC_ChangeBasePack_010" time="37.628">
    <failure message="no such element: Unable to locate element: {&quot;method&quot;:&quot;id&quot;,&quot;selector&quot;:&quot;BST0001PP&quot;}&#10;  (Session info: chrome=73.0.3683.75)&#10;  (Driver info: chromedriver=2.43.600210 (68dcf5eebde37173d4027fa8635e332711d2874a),platform=Windows NT 10.0.17134 x86_64) (WARNING: The server did not provide any stacktrace information)&#10;Command duration or timeout: 30.07 seconds&#10;For documentation on this error, please visit: http://seleniumhq.org/exceptions/no_such_element.html&#10;Build info: version: &apos;2.53.1&apos;, revision: &apos;a36b8b1cd5757287168e54b817830adce9b0158d&apos;, time: &apos;2016-06-30 19:26:09&apos;&#10;System info: host: &apos;LAPTOP-A313QKMS&apos;, ip: &apos;192.168.1.30&apos;, os.name: &apos;Windows 10&apos;, os.arch: &apos;amd64&apos;, os.version: &apos;10.0&apos;, java.version: &apos;1.8.0_101&apos;&#10;Driver info: org.openqa.selenium.chrome.ChromeDriver&#10;Capabilities [{mobileEmulationEnabled=false, hasTouchScreen=false, platform=XP, acceptSslCerts=false, goog:chromeOptions={debuggerAddress=localhost:50155}, acceptInsecureCerts=false, webStorageEnabled=true, browserName=chrome, takesScreenshot=true, javascriptEnabled=true, setWindowRect=true, unexpectedAlertBehaviour=, applicationCacheEnabled=false, rotatable=false, networkConnectionEnabled=false, chrome={chromedriverVersion=2.43.600210 (68dcf5eebde37173d4027fa8635e332711d2874a), userDataDir=C:\Users\sande\AppData\Local\Temp\scoped_dir13676_21813}, takesHeapSnapshot=true, pageLoadStrategy=normal, databaseEnabled=false, handlesAlerts=true, version=73.0.3683.75, browserConnectionEnabled=false, nativeEvents=true, locationContextEnabled=true, cssSelectorsEnabled=true}]&#10;Session ID: 608af7cb0aec070212ecba0e75f37ed4&#10;*** Element info: {Using=id, value=BST0001PP}" type="org.openqa.selenium.NoSuchElementException">org.openqa.selenium.NoSuchElementException: no such element: Unable to locate element: {"method":"id","selector":"BST0001PP"}
  (Session info: chrome=73.0.3683.75)
  (Driver info: chromedriver=2.43.600210 (68dcf5eebde37173d4027fa8635e332711d2874a),platform=Windows NT 10.0.17134 x86_64) (WARNING: The server did not provide any stacktrace information)
Command duration or timeout: 30.07 seconds
For documentation on this error, please visit: http://seleniumhq.org/exceptions/no_such_element.html
Build info: version: '2.53.1', revision: 'a36b8b1cd5757287168e54b817830adce9b0158d', time: '2016-06-30 19:26:09'
System info: host: 'LAPTOP-A313QKMS', ip: '192.168.1.30', os.name: 'Windows 10', os.arch: 'amd64', os.version: '10.0', java.version: '1.8.0_101'
Driver info: org.openqa.selenium.chrome.ChromeDriver
Capabilities [{mobileEmulationEnabled=false, hasTouchScreen=false, platform=XP, acceptSslCerts=false, goog:chromeOptions={debuggerAddress=localhost:50155}, acceptInsecureCerts=false, webStorageEnabled=true, browserName=chrome, takesScreenshot=true, javascriptEnabled=true, setWindowRect=true, unexpectedAlertBehaviour=, applicationCacheEnabled=false, rotatable=false, networkConnectionEnabled=false, chrome={chromedriverVersion=2.43.600210 (68dcf5eebde37173d4027fa8635e332711d2874a), userDataDir=C:\Users\sande\AppData\Local\Temp\scoped_dir13676_21813}, takesHeapSnapshot=true, pageLoadStrategy=normal, databaseEnabled=false, handlesAlerts=true, version=73.0.3683.75, browserConnectionEnabled=false, nativeEvents=true, locationContextEnabled=true, cssSelectorsEnabled=true}]
Session ID: 608af7cb0aec070212ecba0e75f37ed4
*** Element info: {Using=id, value=BST0001PP}
	at sun.reflect.NativeConstructorAccessorImpl.newInstance0(Native Method)
	at sun.reflect.NativeConstructorAccessorImpl.newInstance(NativeConstructorAccessorImpl.java:62)
	at sun.reflect.DelegatingConstructorAccessorImpl.newInstance(DelegatingConstructorAccessorImpl.java:45)
	at java.lang.reflect.Constructor.newInstance(Constructor.java:423)
	at org.openqa.selenium.remote.ErrorHandler.createThrowable(ErrorHandler.java:206)
	at org.openqa.selenium.remote.ErrorHandler.throwIfResponseFailed(ErrorHandler.java:158)
	at org.openqa.selenium.remote.RemoteWebDriver.execute(RemoteWebDriver.java:678)
	at org.openqa.selenium.remote.RemoteWebDriver.findElement(RemoteWebDriver.java:363)
	at org.openqa.selenium.remote.RemoteWebDriver.findElementById(RemoteWebDriver.java:413)
	at org.openqa.selenium.By$ById.findElement(By.java:218)
	at org.openqa.selenium.remote.RemoteWebDriver.findElement(RemoteWebDriver.java:355)
	at org.openqa.selenium.support.pagefactory.DefaultElementLocator.findElement(DefaultElementLocator.java:69)
	at org.openqa.selenium.support.pagefactory.internal.LocatingElementHandler.invoke(LocatingElementHandler.java:38)
	at com.sun.proxy.$Proxy5.click(Unknown Source)
	at mobiotics.lco.pageObjects.ChangBasePackPage.selectRadioButton(ChangBasePackPage.java:55)
	at mobiotics.lco.testCases.TC_ChangeBasePack_010.changeBasePack(TC_ChangeBasePack_010.java:40)
</failure>
    <system-out><![CDATA[ INFO [main] (TC_ChangeBasePack_010.java:19)- user select the change base pack Option
 INFO [main] (TC_ChangeBasePack_010.java:27)- user is in change base pack page
CAN12666719
 INFO [main] (TC_ChangeBasePack_010.java:36)- user entered CAN12666719 for change the Base Pack
]]></system-out>
  </testcase>
  <testcase name="addCredit" classname="mobiotics.lco.testCases.TC_Credit_11" time="20.794"/>
  <testcase name="ActivationReport" classname="mobiotics.lco.testCases.TC_ActivationReport_12" time="30.05">
    <failure message="no such element: Unable to locate element: {&quot;method&quot;:&quot;xpath&quot;,&quot;selector&quot;:&quot;Report  &quot;}&#10;  (Session info: chrome=73.0.3683.75)&#10;  (Driver info: chromedriver=2.43.600210 (68dcf5eebde37173d4027fa8635e332711d2874a),platform=Windows NT 10.0.17134 x86_64) (WARNING: The server did not provide any stacktrace information)&#10;Command duration or timeout: 30.04 seconds&#10;For documentation on this error, please visit: http://seleniumhq.org/exceptions/no_such_element.html&#10;Build info: version: &apos;2.53.1&apos;, revision: &apos;a36b8b1cd5757287168e54b817830adce9b0158d&apos;, time: &apos;2016-06-30 19:26:09&apos;&#10;System info: host: &apos;LAPTOP-A313QKMS&apos;, ip: &apos;192.168.1.30&apos;, os.name: &apos;Windows 10&apos;, os.arch: &apos;amd64&apos;, os.version: &apos;10.0&apos;, java.version: &apos;1.8.0_101&apos;&#10;Driver info: org.openqa.selenium.chrome.ChromeDriver&#10;Capabilities [{mobileEmulationEnabled=false, hasTouchScreen=false, platform=XP, acceptSslCerts=false, goog:chromeOptions={debuggerAddress=localhost:50155}, acceptInsecureCerts=false, webStorageEnabled=true, browserName=chrome, takesScreenshot=true, javascriptEnabled=true, setWindowRect=true, unexpectedAlertBehaviour=, applicationCacheEnabled=false, rotatable=false, networkConnectionEnabled=false, chrome={chromedriverVersion=2.43.600210 (68dcf5eebde37173d4027fa8635e332711d2874a), userDataDir=C:\Users\sande\AppData\Local\Temp\scoped_dir13676_21813}, takesHeapSnapshot=true, pageLoadStrategy=normal, databaseEnabled=false, handlesAlerts=true, version=73.0.3683.75, browserConnectionEnabled=false, nativeEvents=true, locationContextEnabled=true, cssSelectorsEnabled=true}]&#10;Session ID: 608af7cb0aec070212ecba0e75f37ed4&#10;*** Element info: {Using=xpath, value=Report  }" type="org.openqa.selenium.NoSuchElementException">org.openqa.selenium.NoSuchElementException: no such element: Unable to locate element: {"method":"xpath","selector":"Report  "}
  (Session info: chrome=73.0.3683.75)
  (Driver info: chromedriver=2.43.600210 (68dcf5eebde37173d4027fa8635e332711d2874a),platform=Windows NT 10.0.17134 x86_64) (WARNING: The server did not provide any stacktrace information)
Command duration or timeout: 30.04 seconds
For documentation on this error, please visit: http://seleniumhq.org/exceptions/no_such_element.html
Build info: version: '2.53.1', revision: 'a36b8b1cd5757287168e54b817830adce9b0158d', time: '2016-06-30 19:26:09'
System info: host: 'LAPTOP-A313QKMS', ip: '192.168.1.30', os.name: 'Windows 10', os.arch: 'amd64', os.version: '10.0', java.version: '1.8.0_101'
Driver info: org.openqa.selenium.chrome.ChromeDriver
Capabilities [{mobileEmulationEnabled=false, hasTouchScreen=false, platform=XP, acceptSslCerts=false, goog:chromeOptions={debuggerAddress=localhost:50155}, acceptInsecureCerts=false, webStorageEnabled=true, browserName=chrome, takesScreenshot=true, javascriptEnabled=true, setWindowRect=true, unexpectedAlertBehaviour=, applicationCacheEnabled=false, rotatable=false, networkConnectionEnabled=false, chrome={chromedriverVersion=2.43.600210 (68dcf5eebde37173d4027fa8635e332711d2874a), userDataDir=C:\Users\sande\AppData\Local\Temp\scoped_dir13676_21813}, takesHeapSnapshot=true, pageLoadStrategy=normal, databaseEnabled=false, handlesAlerts=true, version=73.0.3683.75, browserConnectionEnabled=false, nativeEvents=true, locationContextEnabled=true, cssSelectorsEnabled=true}]
Session ID: 608af7cb0aec070212ecba0e75f37ed4
*** Element info: {Using=xpath, value=Report  }
	at sun.reflect.NativeConstructorAccessorImpl.newInstance0(Native Method)
	at sun.reflect.NativeConstructorAccessorImpl.newInstance(NativeConstructorAccessorImpl.java:62)
	at sun.reflect.DelegatingConstructorAccessorImpl.newInstance(DelegatingConstructorAccessorImpl.java:45)
	at java.lang.reflect.Constructor.newInstance(Constructor.java:423)
	at org.openqa.selenium.remote.ErrorHandler.createThrowable(ErrorHandler.java:206)
	at org.openqa.selenium.remote.ErrorHandler.throwIfResponseFailed(ErrorHandler.java:158)
	at org.openqa.selenium.remote.RemoteWebDriver.execute(RemoteWebDriver.java:678)
	at org.openqa.selenium.remote.RemoteWebDriver.findElement(RemoteWebDriver.java:363)
	at org.openqa.selenium.remote.RemoteWebDriver.findElementByXPath(RemoteWebDriver.java:500)
	at org.openqa.selenium.By$ByXPath.findElement(By.java:361)
	at org.openqa.selenium.remote.RemoteWebDriver.findElement(RemoteWebDriver.java:355)
	at org.openqa.selenium.support.pagefactory.DefaultElementLocator.findElement(DefaultElementLocator.java:69)
	at org.openqa.selenium.support.pagefactory.internal.LocatingElementHandler.invoke(LocatingElementHandler.java:38)
	at com.sun.proxy.$Proxy5.click(Unknown Source)
	at mobiotics.lco.pageObjects.SubscribePage.selectReport(SubscribePage.java:89)
	at mobiotics.lco.testCases.TC_ActivationReport_12.ActivationReport(TC_ActivationReport_12.java:11)
</failure>
  </testcase>
</testsuite>